# JRE version: OpenJDK Runtime Environment (8.0_152-b01) (build 1.8.0_152-release-915-b01)
# Java VM: OpenJDK 64-Bit Server VM (25.152-b01 mixed mode windows-amd64 compressed oops)
Heap:
 PSYoungGen      total 963072K, used 963068K [0x000000076ab00000, 0x00000007bfe80000, 0x00000007c0000000)
  eden space 724992K, 100% used [0x000000076ab00000,0x0000000796f00000,0x0000000796f00000)
  from space 238080K, 99% used [0x00000007a9200000,0x00000007b7a7f028,0x00000007b7a80000)
  to   space 297984K, 83% used [0x0000000796f00000,0x00000007a6204cf8,0x00000007a9200000)
 ParOldGen       total 896000K, used 717171K [0x00000006c0000000, 0x00000006f6b00000, 0x000000076ab00000)
  object space 896000K, 80% used [0x00000006c0000000,0x00000006ebc5cee8,0x00000006f6b00000)
 Metaspace       used 6653K, capacity 7352K, committed 7552K, reserved 1056768K
  class space    used 609K, capacity 624K, committed 640K, reserved 1048576K
GC Heap History (10 events):
Event: 10.305 GC heap after
Heap after GC invocations=18 (full 3):
 PSYoungGen      total 856064K, used 83134K [0x000000076ab00000, 0x00000007aff80000, 0x00000007c0000000)
  eden space 656896K, 0% used [0x000000076ab00000,0x000000076ab00000,0x0000000792c80000)
  from space 199168K, 41% used [0x0000000792c80000,0x0000000797daf808,0x000000079ef00000)
  to   space 190464K, 0% used [0x00000007a4580000,0x00000007a4580000,0x00000007aff80000)
 ParOldGen       total 567808K, used 567500K [0x00000006c0000000, 0x00000006e2a80000, 0x000000076ab00000)
  object space 567808K, 99% used [0x00000006c0000000,0x00000006e2a332c8,0x00000006e2a80000)
 Metaspace       used 6540K, capacity 7282K, committed 7552K, reserved 1056768K
  class space    used 602K, capacity 618K, committed 640K, reserved 1048576K
}
Event: 10.305 GC heap before
{Heap before GC invocations=19 (full 4):
 PSYoungGen      total 856064K, used 83134K [0x000000076ab00000, 0x00000007aff80000, 0x00000007c0000000)
  eden space 656896K, 0% used [0x000000076ab00000,0x000000076ab00000,0x0000000792c80000)
  from space 199168K, 41% used [0x0000000792c80000,0x0000000797daf808,0x000000079ef00000)
  to   space 190464K, 0% used [0x00000007a4580000,0x00000007a4580000,0x00000007aff80000)
 ParOldGen       total 567808K, used 567500K [0x00000006c0000000, 0x00000006e2a80000, 0x000000076ab00000)
  object space 567808K, 99% used [0x00000006c0000000,0x00000006e2a332c8,0x00000006e2a80000)
 Metaspace       used 6540K, capacity 7282K, committed 7552K, reserved 1056768K
  class space    used 602K, capacity 618K, committed 640K, reserved 1048576K
Event: 12.926 GC heap after
Heap after GC invocations=19 (full 4):
 PSYoungGen      total 856064K, used 71932K [0x000000076ab00000, 0x00000007aff80000, 0x00000007c0000000)
  eden space 656896K, 0% used [0x000000076ab00000,0x000000076ab00000,0x0000000792c80000)
  from space 199168K, 36% used [0x0000000792c80000,0x00000007972bf260,0x000000079ef00000)
  to   space 190464K, 0% used [0x00000007a4580000,0x00000007a4580000,0x00000007aff80000)
 ParOldGen       total 896000K, used 567805K [0x00000006c0000000, 0x00000006f6b00000, 0x000000076ab00000)
  object space 896000K, 63% used [0x00000006c0000000,0x00000006e2a7f5d8,0x00000006f6b00000)
 Metaspace       used 6540K, capacity 7282K, committed 7552K, reserved 1056768K
  class space    used 602K, capacity 618K, committed 640K, reserved 1048576K
}
Event: 14.321 GC heap before
{Heap before GC invocations=20 (full 4):
 PSYoungGen      total 856064K, used 728828K [0x000000076ab00000, 0x00000007aff80000, 0x00000007c0000000)
  eden space 656896K, 100% used [0x000000076ab00000,0x0000000792c80000,0x0000000792c80000)
  from space 199168K, 36% used [0x0000000792c80000,0x00000007972bf260,0x000000079ef00000)
  to   space 190464K, 0% used [0x00000007a4580000,0x00000007a4580000,0x00000007aff80000)
 ParOldGen       total 896000K, used 567805K [0x00000006c0000000, 0x00000006f6b00000, 0x000000076ab00000)
  object space 896000K, 63% used [0x00000006c0000000,0x00000006e2a7f5d8,0x00000006f6b00000)
 Metaspace       used 6543K, capacity 7282K, committed 7552K, reserved 1056768K
  class space    used 602K, capacity 618K, committed 640K, reserved 1048576K
Event: 14.490 GC heap after
Heap after GC invocations=20 (full 4):
 PSYoungGen      total 919040K, used 174327K [0x000000076ab00000, 0x00000007b1e80000, 0x00000007c0000000)
  eden space 728576K, 0% used [0x000000076ab00000,0x000000076ab00000,0x0000000797280000)
  from space 190464K, 91% used [0x00000007a4580000,0x00000007aefbde28,0x00000007aff80000)
  to   space 216064K, 0% used [0x0000000797280000,0x0000000797280000,0x00000007a4580000)
 ParOldGen       total 896000K, used 567805K [0x00000006c0000000, 0x00000006f6b00000, 0x000000076ab00000)
  object space 896000K, 63% used [0x00000006c0000000,0x00000006e2a7f5d8,0x00000006f6b00000)
 Metaspace       used 6543K, capacity 7282K, committed 7552K, reserved 1056768K
  class space    used 602K, capacity 618K, committed 640K, reserved 1048576K
}
Event: 15.481 GC heap before
{Heap before GC invocations=21 (full 4):
 PSYoungGen      total 919040K, used 902903K [0x000000076ab00000, 0x00000007b1e80000, 0x00000007c0000000)
  eden space 728576K, 100% used [0x000000076ab00000,0x0000000797280000,0x0000000797280000)
  from space 190464K, 91% used [0x00000007a4580000,0x00000007aefbde28,0x00000007aff80000)
  to   space 216064K, 0% used [0x0000000797280000,0x0000000797280000,0x00000007a4580000)
 ParOldGen       total 896000K, used 567805K [0x00000006c0000000, 0x00000006f6b00000, 0x000000076ab00000)
  object space 896000K, 63% used [0x00000006c0000000,0x00000006e2a7f5d8,0x00000006f6b00000)
 Metaspace       used 6543K, capacity 7282K, committed 7552K, reserved 1056768K
  class space    used 602K, capacity 618K, committed 640K, reserved 1048576K
Event: 15.566 GC heap after
Heap after GC invocations=21 (full 4):
 PSYoungGen      total 944640K, used 179545K [0x000000076ab00000, 0x00000007b7a80000, 0x00000007c0000000)
  eden space 728576K, 0% used [0x000000076ab00000,0x000000076ab00000,0x0000000797280000)
  from space 216064K, 83% used [0x0000000797280000,0x00000007a21d6608,0x00000007a4580000)
  to   space 238080K, 0% used [0x00000007a9200000,0x00000007a9200000,0x00000007b7a80000)
 ParOldGen       total 896000K, used 567805K [0x00000006c0000000, 0x00000006f6b00000, 0x000000076ab00000)
  object space 896000K, 63% used [0x00000006c0000000,0x00000006e2a7f5d8,0x00000006f6b00000)
 Metaspace       used 6543K, capacity 7282K, committed 7552K, reserved 1056768K
  class space    used 602K, capacity 618K, committed 640K, reserved 1048576K
}
Event: 16.173 GC heap before
{Heap before GC invocations=22 (full 4):
 PSYoungGen      total 944640K, used 908121K [0x000000076ab00000, 0x00000007b7a80000, 0x00000007c0000000)
  eden space 728576K, 100% used [0x000000076ab00000,0x0000000797280000,0x0000000797280000)
  from space 216064K, 83% used [0x0000000797280000,0x00000007a21d6608,0x00000007a4580000)
  to   space 238080K, 0% used [0x00000007a9200000,0x00000007a9200000,0x00000007b7a80000)
 ParOldGen       total 896000K, used 567805K [0x00000006c0000000, 0x00000006f6b00000, 0x000000076ab00000)
  object space 896000K, 63% used [0x00000006c0000000,0x00000006e2a7f5d8,0x00000006f6b00000)
 Metaspace       used 6611K, capacity 7350K, committed 7552K, reserved 1056768K
  class space    used 607K, capacity 622K, committed 640K, reserved 1048576K
Event: 16.337 GC heap after
Heap after GC invocations=22 (full 4):
 PSYoungGen      total 963072K, used 238076K [0x000000076ab00000, 0x00000007bfe80000, 0x00000007c0000000)
  eden space 724992K, 0% used [0x000000076ab00000,0x000000076ab00000,0x0000000796f00000)
  from space 238080K, 99% used [0x00000007a9200000,0x00000007b7a7f028,0x00000007b7a80000)
  to   space 297984K, 0% used [0x0000000796f00000,0x0000000796f00000,0x00000007a9200000)
 ParOldGen       total 896000K, used 623142K [0x00000006c0000000, 0x00000006f6b00000, 0x000000076ab00000)
  object space 896000K, 69% used [0x00000006c0000000,0x00000006e60899a0,0x00000006f6b00000)
 Metaspace       used 6611K, capacity 7350K, committed 7552K, reserved 1056768K
  class space    used 607K, capacity 622K, committed 640K, reserved 1048576K
}
Event: 17.095 GC heap before
{Heap before GC invocations=23 (full 4):
 PSYoungGen      total 963072K, used 963068K [0x000000076ab00000, 0x00000007bfe80000, 0x00000007c0000000)
  eden space 724992K, 100% used [0x000000076ab00000,0x0000000796f00000,0x0000000796f00000)
  from space 238080K, 99% used [0x00000007a9200000,0x00000007b7a7f028,0x00000007b7a80000)
  to   space 297984K, 0% used [0x0000000796f00000,0x0000000796f00000,0x00000007a9200000)
 ParOldGen       total 896000K, used 623142K [0x00000006c0000000, 0x00000006f6b00000, 0x000000076ab00000)
  object space 896000K, 69% used [0x00000006c0000000,0x00000006e60899a0,0x00000006f6b00000)
 Metaspace       used 6653K, capacity 7352K, committed 7552K, reserved 1056768K
  class space    used 609K, capacity 624K, committed 640K, reserved 1048576K

